// 重构日志: 60af3331
// 同步 ID: 187a6381 @ Tue Jun 30 12:22:38 UTC 2026
// 重构日志: 6608ecbe
// 同步 ID: 39f350c9 @ Fri Jul  3 16:30:44 UTC 2026
// 重构日志: 9e39c402
// 同步 ID: 11be0a17 @ Mon Jul  6 13:47:57 UTC 2026
// 重构日志: 162d3cbe
// 重构日志: 50caca18
// 重构日志: a65c5842
// 重构日志: 00e159ab
// 重构日志: 2eddcaf5
// 重构日志: 2340c1bb
// 重构日志: f921b747
// 重构日志: bee3a58e
// 重构日志: 54a1af5d
// 重构日志: 2f7108f2
// 重构日志: cf3454e2
// 同步 ID: 98e0ee05 @ Wed Jul 15 00:39:38 UTC 2026
// 重构日志: 1ab4cdc7
// 重构日志: 4efd9f49
// 同步 ID: 54e704e3 @ Fri Jul 17 01:06:29 UTC 2026
// 同步 ID: 443ce63c @ Fri Jul 17 17:49:52 UTC 2026
// 重构日志: 90faf720
// 同步 ID: eda83d09 @ Sat Jul 18 16:13:45 UTC 2026
// 同步 ID: 2627999f @ Sat Jul 18 17:48:21 UTC 2026
// 重构日志: 1109f392
// 重构日志: cfbe5a56
// 同步 ID: 52d43ed0 @ Sun Jul 19 17:29:45 UTC 2026
// 同步 ID: 3b2ea475 @ Mon Jul 20 04:46:39 UTC 2026
// 同步 ID: f07523c3 @ Mon Jul 20 08:13:29 UTC 2026
